<?xml version="1.0" encoding="UTF-8"?>
<!-- Generated by org.testng.reporters.JUnitXMLReporter -->
<testsuite ignored="0" hostname="ShwetaPunekar" failures="0" tests="3" name="Default test" time="157.275" errors="0" timestamp="2024-06-24T12:04:28 IST">
  <testcase classname="FrameWork.CrmApp_CreateContactTest" name="createContact" time="51.869"/>
  <testcase classname="FrameWork.CrmApp_CreateContactTest" name="createContactWithDate" time="16.218"/>
  <testcase classname="FrameWork.CrmApp_CreateContactTest" name="createContactWithOrganization" time="33.793"/>
</testsuite> <!-- Default test -->
