<?xml version="1.0" encoding="UTF-8"?>
<!-- Generated by org.testng.reporters.JUnitXMLReporter -->
<testsuite ignored="2" hostname="ShwetaPunekar" failures="0" tests="6" name="TestRunner-firefox" time="164.235" errors="0" timestamp="2024-06-13T18:18:31 IST">
  <testcase classname="testng.com.comcast.crm.contacttest.createContactTest" name="createContact" time="17.708"/>
  <testcase classname="testng.com.comcast.crm.contacttest.createContactTest" name="createContactWithDate" time="13.147"/>
  <testcase classname="testng.com.comcast.crm.contacttest.createContactTest" name="createContactWithOrganization" time="26.856"/>
  <testcase classname="testng.com.comcast.crm.orgtest.createOrgTest" name="createOrgNameWithIndustry" time="17.467"/>
  <testcase classname="testng.com.comcast.crm.orgtest.createOrgTest" name="createOrgTest" time="13.07"/>
  <testcase classname="testng.com.comcast.crm.orgtest.createOrgTest" name="createOrganizationWithPhoneNumber" time="12.377"/>
  <testcase classname="testng.com.crm.generic.baseclassutility.BaseClass" name="@AfterSuite configAS" time="0.0">
    <ignored/>
  </testcase> <!-- @AfterSuite configAS -->
  <testcase classname="testng.com.crm.generic.baseclassutility.BaseClass" name="@BeforeSuite configBS" time="0.0">
    <ignored/>
  </testcase> <!-- @BeforeSuite configBS -->
</testsuite> <!-- TestRunner-firefox -->
