<?xml version="1.0" encoding="UTF-8"?>
<!-- Generated by org.testng.reporters.JUnitXMLReporter -->
<testsuite ignored="2" hostname="ShwetaPunekar" failures="0" tests="6" name="TestRunner-chrome" time="159.76" errors="0" timestamp="2024-06-13T18:18:27 IST">
  <testcase classname="testng.com.comcast.crm.contacttest.createContactTest" name="createContact" time="19.211"/>
  <testcase classname="testng.com.comcast.crm.contacttest.createContactTest" name="createContactWithDate" time="14.884"/>
  <testcase classname="testng.com.comcast.crm.contacttest.createContactTest" name="createContactWithOrganization" time="29.32"/>
  <testcase classname="testng.com.comcast.crm.orgtest.createOrgTest" name="createOrgNameWithIndustry" time="22.001"/>
  <testcase classname="testng.com.comcast.crm.orgtest.createOrgTest" name="createOrgTest" time="13.913"/>
  <testcase classname="testng.com.comcast.crm.orgtest.createOrgTest" name="createOrganizationWithPhoneNumber" time="13.792"/>
  <testcase classname="testng.com.crm.generic.baseclassutility.BaseClass" name="@AfterSuite configAS" time="0.0">
    <ignored/>
  </testcase> <!-- @AfterSuite configAS -->
  <testcase classname="testng.com.crm.generic.baseclassutility.BaseClass" name="@BeforeSuite configBS" time="0.0">
    <ignored/>
  </testcase> <!-- @BeforeSuite configBS -->
</testsuite> <!-- TestRunner-chrome -->
