<?xml version="1.0" encoding="UTF-8"?>
<!-- Generated by org.testng.reporters.JUnitXMLReporter -->
<testsuite ignored="1" hostname="ShwetaPunekar" failures="0" tests="2" name="Test" time="43.923" errors="0" timestamp="2024-06-24T15:16:01 IST">
  <testcase classname="FrameWork.CrmApp_CreateContactTest" name="createContactWithDate" time="9.907"/>
  <testcase classname="FrameWork.CrmApp_CreateContactTest" name="createContactWithOrganization" time="19.763"/>
  <testcase classname="FrameWork.CrmApp_CreateContactTest" name="createContact" time="0.0">
    <ignored/>
  </testcase> <!-- createContact -->
</testsuite> <!-- Test -->
