<?xml version="1.0" encoding="UTF-8"?>
<!-- Generated by org.testng.reporters.JUnitXMLReporter -->
<testsuite ignored="2" hostname="ShwetaPunekar" failures="0" tests="12" name="Test 1" time="0.367" errors="0" timestamp="2024-06-14T11:40:38 IST">
  <testcase classname="testng.com.crm.generic.baseclassutility.BaseClass" name="@BeforeClass configBC" time="-1.718345437869E9">
    <failure type="org.testng.TestNGException" message="
Parameter &amp;apos;BROWSER&amp;apos; is required by BeforeClass on method configBC but has not been marked @Optional or defined
in D:\ECLIP_JAV\eclipse\ComcastCRMGUIFramework\invocation_threadPoolSize.xml">
      <![CDATA[org.testng.TestNGException: 
Parameter 'BROWSER' is required by BeforeClass on method configBC but has not been marked @Optional or defined
in D:\ECLIP_JAV\eclipse\ComcastCRMGUIFramework\invocation_threadPoolSize.xml
at java.base/java.util.ArrayList.forEach(ArrayList.java:1511)
at java.base/java.util.concurrent.FutureTask.run(FutureTask.java:264)
at java.base/java.util.concurrent.ThreadPoolExecutor.runWorker(ThreadPoolExecutor.java:1136)
at java.base/java.util.concurrent.ThreadPoolExecutor$Worker.run(ThreadPoolExecutor.java:635)
at java.base/java.lang.Thread.run(Thread.java:833)
... Removed 13 stack frames]]>
    </failure>
  </testcase> <!-- @BeforeClass configBC -->
  <testcase classname="testng.com.crm.generic.baseclassutility.BaseClass" name="@BeforeClass configBC" time="-1.718345437869E9">
    <failure type="org.testng.TestNGException" message="
Parameter &amp;apos;BROWSER&amp;apos; is required by BeforeClass on method configBC but has not been marked @Optional or defined
in D:\ECLIP_JAV\eclipse\ComcastCRMGUIFramework\invocation_threadPoolSize.xml">
      <![CDATA[org.testng.TestNGException: 
Parameter 'BROWSER' is required by BeforeClass on method configBC but has not been marked @Optional or defined
in D:\ECLIP_JAV\eclipse\ComcastCRMGUIFramework\invocation_threadPoolSize.xml
at java.base/java.util.ArrayList.forEach(ArrayList.java:1511)
at java.base/java.util.concurrent.FutureTask.run(FutureTask.java:264)
at java.base/java.util.concurrent.ThreadPoolExecutor.runWorker(ThreadPoolExecutor.java:1136)
at java.base/java.util.concurrent.ThreadPoolExecutor$Worker.run(ThreadPoolExecutor.java:635)
at java.base/java.lang.Thread.run(Thread.java:833)
... Removed 13 stack frames]]>
    </failure>
  </testcase> <!-- @BeforeClass configBC -->
  <testcase classname="testng.com.crm.generic.baseclassutility.BaseClass" name="@BeforeMethod configBM" time="-1.718345437913E9">
    <skipped/>
  </testcase> <!-- @BeforeMethod configBM -->
  <testcase classname="testng.com.crm.generic.baseclassutility.BaseClass" name="@BeforeMethod configBM" time="-1.718345437924E9">
    <skipped/>
  </testcase> <!-- @BeforeMethod configBM -->
  <testcase classname="testng.com.crm.generic.baseclassutility.BaseClass" name="@BeforeMethod configBM" time="-1.718345437928E9">
    <skipped/>
  </testcase> <!-- @BeforeMethod configBM -->
  <testcase classname="testng.com.crm.generic.baseclassutility.BaseClass" name="@BeforeMethod configBM" time="-1.718345437913E9">
    <skipped/>
  </testcase> <!-- @BeforeMethod configBM -->
  <testcase classname="testng.com.crm.generic.baseclassutility.BaseClass" name="@AfterMethod configAM" time="-1.71834543794E9">
    <skipped/>
  </testcase> <!-- @AfterMethod configAM -->
  <testcase classname="testng.com.crm.generic.baseclassutility.BaseClass" name="@AfterMethod configAM" time="-1.718345437959E9">
    <skipped/>
  </testcase> <!-- @AfterMethod configAM -->
  <testcase classname="testng.com.crm.generic.baseclassutility.BaseClass" name="@AfterMethod configAM" time="-1.718345437964E9">
    <skipped/>
  </testcase> <!-- @AfterMethod configAM -->
  <testcase classname="testng.com.crm.generic.baseclassutility.BaseClass" name="@AfterMethod configAM" time="-1.718345437969E9">
    <skipped/>
  </testcase> <!-- @AfterMethod configAM -->
  <testcase classname="testng.com.crm.generic.baseclassutility.BaseClass" name="@BeforeMethod configBM" time="-1.71834543797E9">
    <skipped/>
  </testcase> <!-- @BeforeMethod configBM -->
  <testcase classname="testng.com.crm.generic.baseclassutility.BaseClass" name="@AfterMethod configAM" time="-1.718345437983E9">
    <skipped/>
  </testcase> <!-- @AfterMethod configAM -->
  <testcase classname="testng.com.crm.generic.baseclassutility.BaseClass" name="@BeforeMethod configBM" time="-1.718345437985E9">
    <skipped/>
  </testcase> <!-- @BeforeMethod configBM -->
  <testcase classname="testng.com.crm.generic.baseclassutility.BaseClass" name="@BeforeMethod configBM" time="-1.71834543799E9">
    <skipped/>
  </testcase> <!-- @BeforeMethod configBM -->
  <testcase classname="testng.com.crm.generic.baseclassutility.BaseClass" name="@AfterMethod configAM" time="-1.718345437999E9">
    <skipped/>
  </testcase> <!-- @AfterMethod configAM -->
  <testcase classname="testng.com.crm.generic.baseclassutility.BaseClass" name="@BeforeMethod configBM" time="-1.718345438011E9">
    <skipped/>
  </testcase> <!-- @BeforeMethod configBM -->
  <testcase classname="testng.com.crm.generic.baseclassutility.BaseClass" name="@AfterMethod configAM" time="-1.718345438069E9">
    <skipped/>
  </testcase> <!-- @AfterMethod configAM -->
  <testcase classname="testng.com.crm.generic.baseclassutility.BaseClass" name="@AfterMethod configAM" time="-1.718345438075E9">
    <skipped/>
  </testcase> <!-- @AfterMethod configAM -->
  <testcase classname="testng.com.crm.generic.baseclassutility.BaseClass" name="@BeforeMethod configBM" time="-1.718345438082E9">
    <skipped/>
  </testcase> <!-- @BeforeMethod configBM -->
  <testcase classname="testng.com.crm.generic.baseclassutility.BaseClass" name="@AfterMethod configAM" time="-1.718345438087E9">
    <skipped/>
  </testcase> <!-- @AfterMethod configAM -->
  <testcase classname="testng.com.crm.generic.baseclassutility.BaseClass" name="@BeforeMethod configBM" time="-1.718345438086E9">
    <skipped/>
  </testcase> <!-- @BeforeMethod configBM -->
  <testcase classname="testng.com.crm.generic.baseclassutility.BaseClass" name="@BeforeMethod configBM" time="-1.718345438096E9">
    <skipped/>
  </testcase> <!-- @BeforeMethod configBM -->
  <testcase classname="testng.com.crm.generic.baseclassutility.BaseClass" name="@AfterMethod configAM" time="-1.718345438097E9">
    <skipped/>
  </testcase> <!-- @AfterMethod configAM -->
  <testcase classname="testng.com.crm.generic.baseclassutility.BaseClass" name="@BeforeMethod configBM" time="-1.718345438099E9">
    <skipped/>
  </testcase> <!-- @BeforeMethod configBM -->
  <testcase classname="testng.com.crm.generic.baseclassutility.BaseClass" name="@AfterMethod configAM" time="-1.718345438109E9">
    <skipped/>
  </testcase> <!-- @AfterMethod configAM -->
  <testcase classname="testng.com.crm.generic.baseclassutility.BaseClass" name="@AfterClass configAC" time="-1.718345438114E9">
    <skipped/>
  </testcase> <!-- @AfterClass configAC -->
  <testcase classname="testng.com.crm.generic.baseclassutility.BaseClass" name="@BeforeClass configBC" time="-1.718345438119E9">
    <failure type="org.testng.TestNGException" message="
Parameter &amp;apos;BROWSER&amp;apos; is required by BeforeClass on method configBC but has not been marked @Optional or defined
in D:\ECLIP_JAV\eclipse\ComcastCRMGUIFramework\invocation_threadPoolSize.xml">
      <![CDATA[org.testng.TestNGException: 
Parameter 'BROWSER' is required by BeforeClass on method configBC but has not been marked @Optional or defined
in D:\ECLIP_JAV\eclipse\ComcastCRMGUIFramework\invocation_threadPoolSize.xml
at java.base/java.util.ArrayList.forEach(ArrayList.java:1511)
at java.base/java.util.concurrent.FutureTask.run(FutureTask.java:264)
at java.base/java.util.concurrent.ThreadPoolExecutor.runWorker(ThreadPoolExecutor.java:1136)
at java.base/java.util.concurrent.ThreadPoolExecutor$Worker.run(ThreadPoolExecutor.java:635)
at java.base/java.lang.Thread.run(Thread.java:833)
... Removed 13 stack frames]]>
    </failure>
  </testcase> <!-- @BeforeClass configBC -->
  <testcase classname="testng.com.crm.generic.baseclassutility.BaseClass" name="@AfterMethod configAM" time="-1.718345438122E9">
    <skipped/>
  </testcase> <!-- @AfterMethod configAM -->
  <testcase classname="testng.com.crm.generic.baseclassutility.BaseClass" name="@AfterClass configAC" time="-1.718345438126E9">
    <skipped/>
  </testcase> <!-- @AfterClass configAC -->
  <testcase classname="testng.com.crm.generic.baseclassutility.BaseClass" name="@BeforeClass configBC" time="-1.718345438129E9">
    <failure type="org.testng.TestNGException" message="
Parameter &amp;apos;BROWSER&amp;apos; is required by BeforeClass on method configBC but has not been marked @Optional or defined
in D:\ECLIP_JAV\eclipse\ComcastCRMGUIFramework\invocation_threadPoolSize.xml">
      <![CDATA[org.testng.TestNGException: 
Parameter 'BROWSER' is required by BeforeClass on method configBC but has not been marked @Optional or defined
in D:\ECLIP_JAV\eclipse\ComcastCRMGUIFramework\invocation_threadPoolSize.xml
at java.base/java.util.ArrayList.forEach(ArrayList.java:1511)
at java.base/java.util.concurrent.FutureTask.run(FutureTask.java:264)
at java.base/java.util.concurrent.ThreadPoolExecutor.runWorker(ThreadPoolExecutor.java:1136)
at java.base/java.util.concurrent.ThreadPoolExecutor$Worker.run(ThreadPoolExecutor.java:635)
at java.base/java.lang.Thread.run(Thread.java:833)
... Removed 13 stack frames]]>
    </failure>
  </testcase> <!-- @BeforeClass configBC -->
  <testcase classname="testng.com.crm.generic.baseclassutility.BaseClass" name="@BeforeMethod configBM" time="-1.71834543813E9">
    <skipped/>
  </testcase> <!-- @BeforeMethod configBM -->
  <testcase classname="testng.com.crm.generic.baseclassutility.BaseClass" name="@BeforeMethod configBM" time="-1.718345438136E9">
    <skipped/>
  </testcase> <!-- @BeforeMethod configBM -->
  <testcase classname="testng.com.crm.generic.baseclassutility.BaseClass" name="@AfterMethod configAM" time="-1.718345438141E9">
    <skipped/>
  </testcase> <!-- @AfterMethod configAM -->
  <testcase classname="testng.com.crm.generic.baseclassutility.BaseClass" name="@BeforeMethod configBM" time="-1.71834543814E9">
    <skipped/>
  </testcase> <!-- @BeforeMethod configBM -->
  <testcase classname="testng.com.crm.generic.baseclassutility.BaseClass" name="@AfterMethod configAM" time="-1.718345438146E9">
    <skipped/>
  </testcase> <!-- @AfterMethod configAM -->
  <testcase classname="testng.com.crm.generic.baseclassutility.BaseClass" name="@AfterMethod configAM" time="-1.71834543815E9">
    <skipped/>
  </testcase> <!-- @AfterMethod configAM -->
  <testcase classname="testng.com.crm.generic.baseclassutility.BaseClass" name="@BeforeMethod configBM" time="-1.718345438157E9">
    <skipped/>
  </testcase> <!-- @BeforeMethod configBM -->
  <testcase classname="testng.com.crm.generic.baseclassutility.BaseClass" name="@BeforeMethod configBM" time="-1.718345438158E9">
    <skipped/>
  </testcase> <!-- @BeforeMethod configBM -->
  <testcase classname="testng.com.crm.generic.baseclassutility.BaseClass" name="@AfterMethod configAM" time="-1.718345438165E9">
    <skipped/>
  </testcase> <!-- @AfterMethod configAM -->
  <testcase classname="testng.com.crm.generic.baseclassutility.BaseClass" name="@BeforeMethod configBM" time="-1.718345438167E9">
    <skipped/>
  </testcase> <!-- @BeforeMethod configBM -->
  <testcase classname="testng.com.crm.generic.baseclassutility.BaseClass" name="@AfterMethod configAM" time="-1.718345438168E9">
    <skipped/>
  </testcase> <!-- @AfterMethod configAM -->
  <testcase classname="testng.com.crm.generic.baseclassutility.BaseClass" name="@AfterMethod configAM" time="-1.718345438174E9">
    <skipped/>
  </testcase> <!-- @AfterMethod configAM -->
  <testcase classname="testng.com.crm.generic.baseclassutility.BaseClass" name="@BeforeMethod configBM" time="-1.718345438176E9">
    <skipped/>
  </testcase> <!-- @BeforeMethod configBM -->
  <testcase classname="testng.com.crm.generic.baseclassutility.BaseClass" name="@AfterMethod configAM" time="-1.718345438188E9">
    <skipped/>
  </testcase> <!-- @AfterMethod configAM -->
  <testcase classname="testng.com.crm.generic.baseclassutility.BaseClass" name="@BeforeMethod configBM" time="-1.71834543819E9">
    <skipped/>
  </testcase> <!-- @BeforeMethod configBM -->
  <testcase classname="testng.com.crm.generic.baseclassutility.BaseClass" name="@BeforeMethod configBM" time="-1.718345438193E9">
    <skipped/>
  </testcase> <!-- @BeforeMethod configBM -->
  <testcase classname="testng.com.crm.generic.baseclassutility.BaseClass" name="@BeforeMethod configBM" time="-1.718345438196E9">
    <skipped/>
  </testcase> <!-- @BeforeMethod configBM -->
  <testcase classname="testng.com.crm.generic.baseclassutility.BaseClass" name="@AfterMethod configAM" time="-1.718345438197E9">
    <skipped/>
  </testcase> <!-- @AfterMethod configAM -->
  <testcase classname="testng.com.crm.generic.baseclassutility.BaseClass" name="@AfterMethod configAM" time="-1.718345438198E9">
    <skipped/>
  </testcase> <!-- @AfterMethod configAM -->
  <testcase classname="testng.com.crm.generic.baseclassutility.BaseClass" name="@AfterMethod configAM" time="-1.718345438199E9">
    <skipped/>
  </testcase> <!-- @AfterMethod configAM -->
  <testcase classname="testng.com.crm.generic.baseclassutility.BaseClass" name="@AfterClass configAC" time="-1.718345438203E9">
    <skipped/>
  </testcase> <!-- @AfterClass configAC -->
  <testcase classname="testng.com.crm.generic.baseclassutility.BaseClass" name="@BeforeMethod configBM" time="-1.718345438216E9">
    <skipped/>
  </testcase> <!-- @BeforeMethod configBM -->
  <testcase classname="testng.com.crm.generic.baseclassutility.BaseClass" name="@BeforeMethod configBM" time="-1.718345438218E9">
    <skipped/>
  </testcase> <!-- @BeforeMethod configBM -->
  <testcase classname="testng.com.crm.generic.baseclassutility.BaseClass" name="@AfterMethod configAM" time="-1.718345438251E9">
    <skipped/>
  </testcase> <!-- @AfterMethod configAM -->
  <testcase classname="testng.com.crm.generic.baseclassutility.BaseClass" name="@AfterMethod configAM" time="-1.718345438285E9">
    <skipped/>
  </testcase> <!-- @AfterMethod configAM -->
  <testcase classname="testng.com.crm.generic.baseclassutility.BaseClass" name="@AfterClass configAC" time="-1.718345438291E9">
    <skipped/>
  </testcase> <!-- @AfterClass configAC -->
  <testcase classname="p1.Cct" name="createContact" time="0.0">
    <skipped/>
  </testcase> <!-- createContact -->
  <testcase classname="p1.Cct" name="createContact" time="0.0">
    <skipped/>
  </testcase> <!-- createContact -->
  <testcase classname="p1.Cct" name="createContactWithDate" time="0.0">
    <skipped/>
  </testcase> <!-- createContactWithDate -->
  <testcase classname="p1.Cct" name="createContactWithDate" time="0.0">
    <skipped/>
  </testcase> <!-- createContactWithDate -->
  <testcase classname="p1.Cct" name="createContactWithOrganization" time="0.0">
    <skipped/>
  </testcase> <!-- createContactWithOrganization -->
  <testcase classname="p1.Cct" name="createContactWithOrganization" time="0.0">
    <skipped/>
  </testcase> <!-- createContactWithOrganization -->
  <testcase classname="p2.Cot" name="createOrgNameWithIndustry" time="0.0">
    <skipped/>
  </testcase> <!-- createOrgNameWithIndustry -->
  <testcase classname="p2.Cot" name="createOrgNameWithIndustry" time="0.0">
    <skipped/>
  </testcase> <!-- createOrgNameWithIndustry -->
  <testcase classname="p2.Cot" name="createOrgTest" time="0.0">
    <skipped/>
  </testcase> <!-- createOrgTest -->
  <testcase classname="p2.Cot" name="createOrgTest" time="0.0">
    <skipped/>
  </testcase> <!-- createOrgTest -->
  <testcase classname="p2.Cot" name="createOrganizationWithPhoneNumber" time="0.0">
    <skipped/>
  </testcase> <!-- createOrganizationWithPhoneNumber -->
  <testcase classname="p2.Cot" name="createOrganizationWithPhoneNumber" time="0.0">
    <skipped/>
  </testcase> <!-- createOrganizationWithPhoneNumber -->
  <testcase classname="testng.com.crm.generic.baseclassutility.BaseClass" name="@AfterSuite configAS" time="0.0">
    <ignored/>
  </testcase> <!-- @AfterSuite configAS -->
  <testcase classname="testng.com.crm.generic.baseclassutility.BaseClass" name="@BeforeSuite configBS" time="0.0">
    <ignored/>
  </testcase> <!-- @BeforeSuite configBS -->
</testsuite> <!-- Test 1 -->
