<?xml version="1.0" encoding="UTF-8"?>
<!-- Generated by org.testng.reporters.JUnitXMLReporter -->
<testsuite ignored="1" hostname="ShwetaPunekar" failures="1" tests="1" name="Default test(failed)" time="10.172" errors="0" timestamp="2024-06-18T17:30:25 IST">
  <testcase classname="practice.testng.ListenerInvoiceTest1" name="CreateInvoice" time="0.042">
    <failure type="java.lang.AssertionError" message="expected [Login] but found [Administrator - Home - vtiger CRM 5 - Commercial Open Source CRM]">
      <![CDATA[java.lang.AssertionError: expected [Login] but found [Administrator - Home - vtiger CRM 5 - Commercial Open Source CRM]
at practice.testng.ListenerInvoiceTest1.CreateInvoice(ListenerInvoiceTest1.java:19)
at java.base/java.util.ArrayList.forEach(ArrayList.java:1511)
... Removed 33 stack frames]]>
    </failure>
  </testcase> <!-- CreateInvoice -->
  <testcase classname="practice.testng.ListenerInvoiceTest1" name="CreateInvoiceWithContactTest" time="0.0">
    <ignored/>
  </testcase> <!-- CreateInvoiceWithContactTest -->
</testsuite> <!-- Default test(failed) -->
